Determining if the pthread_create exist failed with the following output:
Change Dir: /home/tobias/catkin_ws/build/CMakeFiles/CMakeTmp

Run Build Command:/usr/bin/make "cmTryCompileExec2791140844/fast"
/usr/bin/make -f CMakeFiles/cmTryCompileExec2791140844.dir/build.make CMakeFiles/cmTryCompileExec2791140844.dir/build
make[1]: Entering directory `/home/tobias/catkin_ws/build/CMakeFiles/CMakeTmp'
/usr/bin/cmake -E cmake_progress_report /home/tobias/catkin_ws/build/CMakeFiles/CMakeTmp/CMakeFiles 1
Building C object CMakeFiles/cmTryCompileExec2791140844.dir/CheckSymbolExists.c.o
/usr/bin/cc    -o CMakeFiles/cmTryCompileExec2791140844.dir/CheckSymbolExists.c.o   -c /home/tobias/catkin_ws/build/CMakeFiles/CMakeTmp/CheckSymbolExists.c
Linking C executable cmTryCompileExec2791140844
/usr/bin/cmake -E cmake_link_script CMakeFiles/cmTryCompileExec2791140844.dir/link.txt --verbose=1
/usr/bin/cc       CMakeFiles/cmTryCompileExec2791140844.dir/CheckSymbolExists.c.o  -o cmTryCompileExec2791140844 -rdynamic 
CMakeFiles/cmTryCompileExec2791140844.dir/CheckSymbolExists.c.o: In function `main':
CheckSymbolExists.c:(.text+0xa): undefined reference to `pthread_create'
collect2: error: ld returned 1 exit status
make[1]: Leaving directory `/home/tobias/catkin_ws/build/CMakeFiles/CMakeTmp'
make[1]: *** [cmTryCompileExec2791140844] Error 1
make: *** [cmTryCompileExec2791140844/fast] Error 2

File /home/tobias/catkin_ws/build/CMakeFiles/CMakeTmp/CheckSymbolExists.c:
/* */
#include <pthread.h>

int main(int argc, char** argv)
{
  (void)argv;
#ifndef pthread_create
  return ((int*)(&pthread_create))[argc];
#else
  (void)argc;
  return 0;
#endif
}

Determining if the function pthread_create exists in the pthreads failed with the following output:
Change Dir: /home/tobias/catkin_ws/build/CMakeFiles/CMakeTmp

Run Build Command:/usr/bin/make "cmTryCompileExec419058330/fast"
/usr/bin/make -f CMakeFiles/cmTryCompileExec419058330.dir/build.make CMakeFiles/cmTryCompileExec419058330.dir/build
make[1]: Entering directory `/home/tobias/catkin_ws/build/CMakeFiles/CMakeTmp'
/usr/bin/cmake -E cmake_progress_report /home/tobias/catkin_ws/build/CMakeFiles/CMakeTmp/CMakeFiles 1
Building C object CMakeFiles/cmTryCompileExec419058330.dir/CheckFunctionExists.c.o
/usr/bin/cc   -DCHECK_FUNCTION_EXISTS=pthread_create   -o CMakeFiles/cmTryCompileExec419058330.dir/CheckFunctionExists.c.o   -c /usr/share/cmake-2.8/Modules/CheckFunctionExists.c
Linking C executable cmTryCompileExec419058330
/usr/bin/cmake -E cmake_link_script CMakeFiles/cmTryCompileExec419058330.dir/link.txt --verbose=1
/usr/bin/cc   -DCHECK_FUNCTION_EXISTS=pthread_create    CMakeFiles/cmTryCompileExec419058330.dir/CheckFunctionExists.c.o  -o cmTryCompileExec419058330 -rdynamic -lpthreads 
/usr/bin/ld: cannot find -lpthreads
collect2: error: ld returned 1 exit status
make[1]: Leaving directory `/home/tobias/catkin_ws/build/CMakeFiles/CMakeTmp'
make[1]: *** [cmTryCompileExec419058330] Error 1
make: *** [cmTryCompileExec419058330/fast] Error 2


